National1305	1	16	1
FlyingFinn5848	1	17	1
TWA5323	1	62	1
Sabena2818	1	93	1
TWA6456	2	60	2
GreenlandExpress7954	2	68	2
CPAir1928	3	26	3
BOAC6607	3	37	3
CPAir2172	3	39	3
Eurojet3100	3	47	3
AmericaWest2211	4	4	4
Western4710	4	21	4
NorthCentral8662	4	40	4
TWA8969	3	59	4
AirBaffin8631	5	10	5
GreenlandExpress5177	5	56	5
FlyingFinn2969	5	63	5
AirGreatWall2827	3	73	5
AeroviasDelSur3214	6	4	6
Mohawk7382	6	33	6
Yakutsk5108	6	41	6
SkyTrain847	6	76	6
SkyTrain3452	7	75	7
PanAm4917	6	83	7
Swissair4770	6	90	7
SkyTrain2880	5	93	7
BOAC59	8	7	8
Gandalf3071	8	21	8
Sabena4042	8	22	8
FlyingFinn9694	4	95	8
Eurolot7406	9	26	9
Gandalf4116	9	72	9
National3604	3	96	9
Sabena4928	7	97	9
AmericaWest7988	10	60	10
TransCanada7743	10	62	10
Gandalf2000	10	63	10
Braniff3269	10	72	10
BOAC429	11	16	11
Republic6862	11	25	11
Eurolot5561	11	44	11
Braniff7327	10	94	11
Gandalf9198	12	2	12
AirGreatWall795	12	46	12
Sabena5193	12	64	12
Western668	12	99	12
Sabena8547	13	7	13
AeroviasDelSur4922	13	11	13
NorskAir9447	13	14	13
TransCanada7483	13	19	13
NorthCentral8584	13	30	14
AmericaWest4925	13	44	14
AirGreatWall9631	13	47	14
SkyTrain1151	13	49	14
CPAir7555	15	12	15
FlyingFinn723	15	14	15
Eastern9308	15	23	15
Western21	15	29	15
Swissair9312	16	14	16
TransCanada3343	15	33	16
AirIowa9157	16	40	16
Mesaba5782	15	42	16
Yakutsk5935	15	44	17
Yakutsk5180	15	48	17
PanAm2409	17	49	17
Yakutsk7439	17	65	17
Eastern8155	18	32	18
SkyTrain5732	18	36	18
PanAm1008	18	38	18
Eurojet8019	18	63	18
TWA3121	19	35	19
National4900	19	68	19
AirGreatWall9491	15	69	19
Western7986	13	70	19
CPAir2731	20	33	20
Republic2767	20	63	20
TransCanada3900	14	71	20
Mesaba21	13	75	20
Mesaba7598	19	78	21
AirGreatWall2643	14	87	21
SNA9629	19	89	21
AirGreatWall4093	15	94	21
FlyingFinn6528	18	96	22
