  main.cpp
  VoxelShape.cpp
c:\users\rachel\source\repos\homework5\homework5\voxelshape.cpp(156): warning C4244: '=': conversion from 'int' to 'float', possible loss of data
c:\users\rachel\source\repos\homework5\homework5\voxelshape.cpp(157): warning C4244: '=': conversion from 'int' to 'float', possible loss of data
c:\users\rachel\source\repos\homework5\homework5\voxelshape.cpp(158): warning C4244: '=': conversion from 'int' to 'float', possible loss of data
c:\users\rachel\source\repos\homework5\homework5\voxelshape.cpp(159): warning C4244: '=': conversion from 'int' to 'float', possible loss of data
c:\users\rachel\source\repos\homework5\homework5\voxelshape.cpp(160): warning C4244: '=': conversion from 'int' to 'float', possible loss of data
c:\users\rachel\source\repos\homework5\homework5\voxelshape.cpp(161): warning C4244: '=': conversion from 'int' to 'float', possible loss of data
c:\users\rachel\source\repos\homework5\homework5\voxelshape.cpp(165): warning C4244: '=': conversion from 'int' to 'float', possible loss of data
c:\users\rachel\source\repos\homework5\homework5\voxelshape.cpp(166): warning C4244: '=': conversion from 'int' to 'float', possible loss of data
c:\users\rachel\source\repos\homework5\homework5\voxelshape.cpp(167): warning C4244: '=': conversion from 'int' to 'float', possible loss of data
c:\users\rachel\source\repos\homework5\homework5\voxelshape.cpp(169): warning C4244: '=': conversion from 'int' to 'float', possible loss of data
c:\users\rachel\source\repos\homework5\homework5\voxelshape.cpp(170): warning C4244: '=': conversion from 'int' to 'float', possible loss of data
c:\users\rachel\source\repos\homework5\homework5\voxelshape.cpp(171): warning C4244: '=': conversion from 'int' to 'float', possible loss of data
c:\users\rachel\source\repos\homework5\homework5\voxelshape.cpp(173): warning C4244: '=': conversion from 'int' to 'float', possible loss of data
c:\users\rachel\source\repos\homework5\homework5\voxelshape.cpp(174): warning C4244: '=': conversion from 'int' to 'float', possible loss of data
c:\users\rachel\source\repos\homework5\homework5\voxelshape.cpp(175): warning C4244: '=': conversion from 'int' to 'float', possible loss of data
c:\users\rachel\source\repos\homework5\homework5\voxelshape.cpp(177): warning C4244: '=': conversion from 'int' to 'float', possible loss of data
c:\users\rachel\source\repos\homework5\homework5\voxelshape.cpp(178): warning C4244: '=': conversion from 'int' to 'float', possible loss of data
c:\users\rachel\source\repos\homework5\homework5\voxelshape.cpp(179): warning C4244: '=': conversion from 'int' to 'float', possible loss of data
  BitVector.cpp
  Generating Code...
  Homework5.vcxproj -> C:\Users\Rachel\source\repos\Homework5\x64\Debug\Homework5.exe
