1171,2840,"B",0.0015385,"WarAndPeace.txt_1171_2840_graph.txt"
1171,2840,"D",0.001139625,"WarAndPeace.txt_1171_2840_graph.txt"
11765,90758,"B",0.031229,"WarAndPeace.txt_11765_90758_graph.txt"
11765,90758,"D",0.053985,"WarAndPeace.txt_11765_90758_graph.txt"
1906,5680,"B",0.0029876153,"WarAndPeace.txt_1906_5680_graph.txt"
1906,5680,"D",0.0022606154,"WarAndPeace.txt_1906_5680_graph.txt"
2993,11346,"B",0.0049288333,"WarAndPeace.txt_2993_11346_graph.txt"
2993,11346,"D",0.0052718334,"WarAndPeace.txt_2993_11346_graph.txt"
4824,22692,"B",0.0091946665,"WarAndPeace.txt_4824_22692_graph.txt"
4824,22692,"D",0.0125503335,"WarAndPeace.txt_4824_22692_graph.txt"
719,1420,"B",7.788913E-4,"WarAndPeace.txt_719_1420_graph.txt"
719,1420,"D",6.368478E-4,"WarAndPeace.txt_719_1420_graph.txt"
7708,45377,"B",0.0238685,"WarAndPeace.txt_7708_45377_graph.txt"
7708,45377,"D",0.0257485,"WarAndPeace.txt_7708_45377_graph.txt"
5,10,"B",3.0762076E-6,"graph-lotr.txt"
5,10,"D",1.4815481E-6,"graph-lotr.txt"
5,9,"B",3.3451415E-6,"graph24-4.txt"
5,9,"D",1.6321759E-6,"graph24-4.txt"
5,10,"B",3.0567057E-6,"graph24-6.txt"
5,10,"D",1.5147015E-6,"graph24-6.txt"
